<?xml version="1.0" encoding="UTF-8"?>
<!-- Generated by org.testng.reporters.JUnitReportReporter -->
<testsuite skipped="0" hostname="LenovoL420-13" name="sepration.testcases.logintest" tests="1" failures="0" timestamp="06 Dec 2018 10:05:34 GMT" time="57.565" errors="0">
  <testcase name="login" time="57.565" classname="sepration.testcases.logintest"/>
</testsuite> <!-- sepration.testcases.logintest -->
