<?xml version="1.0" encoding="UTF-8"?>
<!-- Generated by org.testng.reporters.JUnitReportReporter -->
<testsuite skipped="0" hostname="LenovoL420-13" name="sepration.testcases.logintest" tests="1" failures="0" timestamp="01 Dec 2018 04:47:37 GMT" time="22.497" errors="0">
  <testcase name="login" time="22.497" classname="sepration.testcases.logintest"/>
</testsuite> <!-- sepration.testcases.logintest -->
