<?xml version="1.0" encoding="UTF-8"?>
<!-- Generated by org.testng.reporters.JUnitReportReporter -->
<testsuite skipped="0" hostname="LenovoL420-13" name="sepration.testcases.logintest" tests="1" failures="0" timestamp="04 Dec 2018 09:21:49 GMT" time="16.716" errors="0">
  <testcase name="login" time="16.716" classname="sepration.testcases.logintest"/>
</testsuite> <!-- sepration.testcases.logintest -->
