<?xml version="1.0" encoding="UTF-8"?>
<!-- Generated by org.testng.reporters.JUnitReportReporter -->
<testsuite skipped="0" hostname="LenovoL420-13" name="sepration.testcases.applyseparationtest" tests="1" failures="0" timestamp="14 Nov 2018 09:29:58 GMT" time="0.005" errors="0">
  <testcase name="sepration" time="0.005" classname="sepration.testcases.applyseparationtest"/>
</testsuite> <!-- sepration.testcases.applyseparationtest -->
